2025-09-02 00:03:13.006 [main] INFO  o.example.pdfwrangler.ApplicationKt - Starting ApplicationKt using Java 21.0.3 with PID 80990 (/Users/anton/IdeaProjects/pdf-wrangler/build/classes/kotlin/main started by anton in /Users/anton/IdeaProjects/pdf-wrangler)
2025-09-02 00:03:13.012 [main] INFO  o.example.pdfwrangler.ApplicationKt - The following 1 profile is active: "development"
2025-09-02 00:03:14.549 [main] INFO  o.a.catalina.core.StandardService - Starting service [Tomcat]
2025-09-02 00:03:14.550 [main] INFO  o.a.catalina.core.StandardEngine - Starting Servlet engine: [Apache Tomcat/10.1.44]
2025-09-02 00:03:14.592 [main] INFO  o.a.c.c.C.[Tomcat].[localhost].[/] - Initializing Spring embedded WebApplicationContext
2025-09-02 00:03:14.892 [main] INFO  SECURITY_AUDIT - Security audit logging system initialized
2025-09-02 00:03:14.904 [main] INFO  SECURITY_AUDIT - [SECURITY_AUDIT] {"eventId":"4b39d465-a337-4780-8a34-616cd00494fd","timestamp":"2025-09-01T21:03:14.894126Z","eventType":"SYSTEM_SECURITY_EVENT","severity":"INFO","message":"Security audit logging system started","details":{"component":"SecurityAuditLogger","status":"initialized"}}
2025-09-02 00:03:14.915 [main] INFO  o.e.p.service.TempFileManagerService - Temporary directory initialized: /var/folders/c_/5_n98lpd65j__pbwgzctxx_80000gn/T/pdf-wrangler-temp
2025-09-02 00:03:15.142 [main] INFO  o.e.p.s.StampLibraryManagementService - Initializing default stamps
2025-09-02 00:03:15.142 [main] INFO  o.e.p.s.StampLibraryManagementService - Creating stamp: APPROVED
2025-09-02 00:03:15.524 [main] INFO  o.e.p.s.StampLibraryManagementService - Created stamp: APPROVED with ID: stamp_1756760595143_2496
2025-09-02 00:03:15.524 [main] INFO  o.e.p.s.StampLibraryManagementService - Creating stamp: DRAFT
2025-09-02 00:03:15.529 [main] INFO  o.e.p.s.StampLibraryManagementService - Created stamp: DRAFT with ID: stamp_1756760595524_3036
2025-09-02 00:03:15.529 [main] INFO  o.e.p.s.StampLibraryManagementService - Creating stamp: CONFIDENTIAL
2025-09-02 00:03:15.533 [main] INFO  o.e.p.s.StampLibraryManagementService - Created stamp: CONFIDENTIAL with ID: stamp_1756760595529_3967
2025-09-02 00:03:15.533 [main] INFO  o.e.p.s.StampLibraryManagementService - Creating stamp: URGENT
2025-09-02 00:03:15.535 [main] INFO  o.e.p.s.StampLibraryManagementService - Created stamp: URGENT with ID: stamp_1756760595533_2069
2025-09-02 00:03:15.535 [main] INFO  o.e.p.s.StampLibraryManagementService - Creating stamp: REVIEWED
2025-09-02 00:03:15.537 [main] INFO  o.e.p.s.StampLibraryManagementService - Created stamp: REVIEWED with ID: stamp_1756760595535_2542
2025-09-02 00:03:15.537 [main] INFO  o.e.p.s.StampLibraryManagementService - Creating stamp: FINAL
2025-09-02 00:03:15.540 [main] INFO  o.e.p.s.StampLibraryManagementService - Created stamp: FINAL with ID: stamp_1756760595537_7890
2025-09-02 00:03:15.540 [main] INFO  o.e.p.s.StampLibraryManagementService - Creating stamp: VOID
2025-09-02 00:03:15.542 [main] INFO  o.e.p.s.StampLibraryManagementService - Created stamp: VOID with ID: stamp_1756760595540_9493
2025-09-02 00:03:15.542 [main] INFO  o.e.p.s.StampLibraryManagementService - Creating stamp: COPY
2025-09-02 00:03:15.543 [main] INFO  o.e.p.s.StampLibraryManagementService - Created stamp: COPY with ID: stamp_1756760595542_5976
2025-09-02 00:03:15.543 [main] INFO  o.e.p.s.StampLibraryManagementService - Initialized 8 default stamps
2025-09-02 00:03:15.633 [main] INFO  o.e.p.service.SecureTempFileHandler - Secure temporary file handler initialized: /var/folders/c_/5_n98lpd65j__pbwgzctxx_80000gn/T/pdf-wrangler-secure
2025-09-02 00:03:15.635 [main] INFO  o.e.p.s.UploadRateLimitingService - Upload rate limiting service initialized with limits: requests/min=60, requests/hour=1000, daily operations=10000
2025-09-02 00:03:16.010 [main] INFO  o.example.pdfwrangler.ApplicationKt - Started ApplicationKt in 3.645 seconds (process running for 4.333)
2025-09-02 00:03:26.515 [http-nio-8080-exec-1] INFO  o.a.c.c.C.[Tomcat].[localhost].[/] - Initializing Spring DispatcherServlet 'dispatcherServlet'
2025-09-02 00:03:26.581 [http-nio-8080-exec-1] ERROR o.e.p.c.GlobalExceptionHandler - Unexpected exception for request /actuator/health: No static resource actuator/health.
org.springframework.web.servlet.resource.NoResourceFoundException: No static resource actuator/health.
	at org.springframework.web.servlet.resource.ResourceHttpRequestHandler.handleRequest(ResourceHttpRequestHandler.java:585)
	at org.springframework.web.servlet.mvc.HttpRequestHandlerAdapter.handle(HttpRequestHandlerAdapter.java:52)
	at org.springframework.web.servlet.DispatcherServlet.doDispatch(DispatcherServlet.java:1089)
	at org.springframework.web.servlet.DispatcherServlet.doService(DispatcherServlet.java:979)
	at org.springframework.web.servlet.FrameworkServlet.processRequest(FrameworkServlet.java:1014)
	at org.springframework.web.servlet.FrameworkServlet.doGet(FrameworkServlet.java:903)
	at jakarta.servlet.http.HttpServlet.service(HttpServlet.java:564)
	at org.springframework.web.servlet.FrameworkServlet.service(FrameworkServlet.java:885)
	at jakarta.servlet.http.HttpServlet.service(HttpServlet.java:658)
	at org.apache.catalina.core.ApplicationFilterChain.internalDoFilter(ApplicationFilterChain.java:195)
	at org.apache.catalina.core.ApplicationFilterChain.doFilter(ApplicationFilterChain.java:140)
	at org.apache.tomcat.websocket.server.WsFilter.doFilter(WsFilter.java:51)
	at org.apache.catalina.core.ApplicationFilterChain.internalDoFilter(ApplicationFilterChain.java:164)
	at org.apache.catalina.core.ApplicationFilterChain.doFilter(ApplicationFilterChain.java:140)
	at org.springframework.web.filter.RequestContextFilter.doFilterInternal(RequestContextFilter.java:100)
	at org.springframework.web.filter.OncePerRequestFilter.doFilter(OncePerRequestFilter.java:116)
	at org.apache.catalina.core.ApplicationFilterChain.internalDoFilter(ApplicationFilterChain.java:164)
	at org.apache.catalina.core.ApplicationFilterChain.doFilter(ApplicationFilterChain.java:140)
	at org.springframework.web.filter.FormContentFilter.doFilterInternal(FormContentFilter.java:93)
	at org.springframework.web.filter.OncePerRequestFilter.doFilter(OncePerRequestFilter.java:116)
	at org.apache.catalina.core.ApplicationFilterChain.internalDoFilter(ApplicationFilterChain.java:164)
	at org.apache.catalina.core.ApplicationFilterChain.doFilter(ApplicationFilterChain.java:140)
	at org.springframework.web.filter.CharacterEncodingFilter.doFilterInternal(CharacterEncodingFilter.java:201)
	at org.springframework.web.filter.OncePerRequestFilter.doFilter(OncePerRequestFilter.java:116)
	at org.apache.catalina.core.ApplicationFilterChain.internalDoFilter(ApplicationFilterChain.java:164)
	at org.apache.catalina.core.ApplicationFilterChain.doFilter(ApplicationFilterChain.java:140)
	at org.apache.catalina.core.StandardWrapperValve.invoke(StandardWrapperValve.java:167)
	at org.apache.catalina.core.StandardContextValve.invoke(StandardContextValve.java:90)
	at org.apache.catalina.authenticator.AuthenticatorBase.invoke(AuthenticatorBase.java:483)
	at org.apache.catalina.core.StandardHostValve.invoke(StandardHostValve.java:116)
	at org.apache.catalina.valves.ErrorReportValve.invoke(ErrorReportValve.java:93)
	at org.apache.catalina.core.StandardEngineValve.invoke(StandardEngineValve.java:74)
	at org.apache.catalina.connector.CoyoteAdapter.service(CoyoteAdapter.java:344)
	at org.apache.coyote.http11.Http11Processor.service(Http11Processor.java:398)
	at org.apache.coyote.AbstractProcessorLight.process(AbstractProcessorLight.java:63)
	at org.apache.coyote.AbstractProtocol$ConnectionHandler.process(AbstractProtocol.java:903)
	at org.apache.tomcat.util.net.NioEndpoint$SocketProcessor.doRun(NioEndpoint.java:1769)
	at org.apache.tomcat.util.net.SocketProcessorBase.run(SocketProcessorBase.java:52)
	at org.apache.tomcat.util.threads.ThreadPoolExecutor.runWorker(ThreadPoolExecutor.java:1189)
	at org.apache.tomcat.util.threads.ThreadPoolExecutor$Worker.run(ThreadPoolExecutor.java:658)
	at org.apache.tomcat.util.threads.TaskThread$WrappingRunnable.run(TaskThread.java:63)
	at java.base/java.lang.Thread.run(Thread.java:1583)
2025-09-02 00:03:38.218 [http-nio-8080-exec-3] ERROR o.e.p.c.GlobalExceptionHandler - Unexpected exception for request /favicon.ico: No static resource favicon.ico.
org.springframework.web.servlet.resource.NoResourceFoundException: No static resource favicon.ico.
	at org.springframework.web.servlet.resource.ResourceHttpRequestHandler.handleRequest(ResourceHttpRequestHandler.java:585)
	at org.springframework.web.servlet.mvc.HttpRequestHandlerAdapter.handle(HttpRequestHandlerAdapter.java:52)
	at org.springframework.web.servlet.DispatcherServlet.doDispatch(DispatcherServlet.java:1089)
	at org.springframework.web.servlet.DispatcherServlet.doService(DispatcherServlet.java:979)
	at org.springframework.web.servlet.FrameworkServlet.processRequest(FrameworkServlet.java:1014)
	at org.springframework.web.servlet.FrameworkServlet.doGet(FrameworkServlet.java:903)
	at jakarta.servlet.http.HttpServlet.service(HttpServlet.java:564)
	at org.springframework.web.servlet.FrameworkServlet.service(FrameworkServlet.java:885)
	at jakarta.servlet.http.HttpServlet.service(HttpServlet.java:658)
	at org.apache.catalina.core.ApplicationFilterChain.internalDoFilter(ApplicationFilterChain.java:195)
	at org.apache.catalina.core.ApplicationFilterChain.doFilter(ApplicationFilterChain.java:140)
	at org.apache.tomcat.websocket.server.WsFilter.doFilter(WsFilter.java:51)
	at org.apache.catalina.core.ApplicationFilterChain.internalDoFilter(ApplicationFilterChain.java:164)
	at org.apache.catalina.core.ApplicationFilterChain.doFilter(ApplicationFilterChain.java:140)
	at org.springframework.web.filter.RequestContextFilter.doFilterInternal(RequestContextFilter.java:100)
	at org.springframework.web.filter.OncePerRequestFilter.doFilter(OncePerRequestFilter.java:116)
	at org.apache.catalina.core.ApplicationFilterChain.internalDoFilter(ApplicationFilterChain.java:164)
	at org.apache.catalina.core.ApplicationFilterChain.doFilter(ApplicationFilterChain.java:140)
	at org.springframework.web.filter.FormContentFilter.doFilterInternal(FormContentFilter.java:93)
	at org.springframework.web.filter.OncePerRequestFilter.doFilter(OncePerRequestFilter.java:116)
	at org.apache.catalina.core.ApplicationFilterChain.internalDoFilter(ApplicationFilterChain.java:164)
	at org.apache.catalina.core.ApplicationFilterChain.doFilter(ApplicationFilterChain.java:140)
	at org.springframework.web.filter.CharacterEncodingFilter.doFilterInternal(CharacterEncodingFilter.java:201)
	at org.springframework.web.filter.OncePerRequestFilter.doFilter(OncePerRequestFilter.java:116)
	at org.apache.catalina.core.ApplicationFilterChain.internalDoFilter(ApplicationFilterChain.java:164)
	at org.apache.catalina.core.ApplicationFilterChain.doFilter(ApplicationFilterChain.java:140)
	at org.apache.catalina.core.StandardWrapperValve.invoke(StandardWrapperValve.java:167)
	at org.apache.catalina.core.StandardContextValve.invoke(StandardContextValve.java:90)
	at org.apache.catalina.authenticator.AuthenticatorBase.invoke(AuthenticatorBase.java:483)
	at org.apache.catalina.core.StandardHostValve.invoke(StandardHostValve.java:116)
	at org.apache.catalina.valves.ErrorReportValve.invoke(ErrorReportValve.java:93)
	at org.apache.catalina.core.StandardEngineValve.invoke(StandardEngineValve.java:74)
	at org.apache.catalina.connector.CoyoteAdapter.service(CoyoteAdapter.java:344)
	at org.apache.coyote.http11.Http11Processor.service(Http11Processor.java:398)
	at org.apache.coyote.AbstractProcessorLight.process(AbstractProcessorLight.java:63)
	at org.apache.coyote.AbstractProtocol$ConnectionHandler.process(AbstractProtocol.java:903)
	at org.apache.tomcat.util.net.NioEndpoint$SocketProcessor.doRun(NioEndpoint.java:1769)
	at org.apache.tomcat.util.net.SocketProcessorBase.run(SocketProcessorBase.java:52)
	at org.apache.tomcat.util.threads.ThreadPoolExecutor.runWorker(ThreadPoolExecutor.java:1189)
	at org.apache.tomcat.util.threads.ThreadPoolExecutor$Worker.run(ThreadPoolExecutor.java:658)
	at org.apache.tomcat.util.threads.TaskThread$WrappingRunnable.run(TaskThread.java:63)
	at java.base/java.lang.Thread.run(Thread.java:1583)
2025-09-02 00:03:48.657 [http-nio-8080-exec-5] ERROR o.e.p.c.GlobalExceptionHandler - Unexpected exception for request /favicon.ico: No static resource favicon.ico.
org.springframework.web.servlet.resource.NoResourceFoundException: No static resource favicon.ico.
	at org.springframework.web.servlet.resource.ResourceHttpRequestHandler.handleRequest(ResourceHttpRequestHandler.java:585)
	at org.springframework.web.servlet.mvc.HttpRequestHandlerAdapter.handle(HttpRequestHandlerAdapter.java:52)
	at org.springframework.web.servlet.DispatcherServlet.doDispatch(DispatcherServlet.java:1089)
	at org.springframework.web.servlet.DispatcherServlet.doService(DispatcherServlet.java:979)
	at org.springframework.web.servlet.FrameworkServlet.processRequest(FrameworkServlet.java:1014)
	at org.springframework.web.servlet.FrameworkServlet.doGet(FrameworkServlet.java:903)
	at jakarta.servlet.http.HttpServlet.service(HttpServlet.java:564)
	at org.springframework.web.servlet.FrameworkServlet.service(FrameworkServlet.java:885)
	at jakarta.servlet.http.HttpServlet.service(HttpServlet.java:658)
	at org.apache.catalina.core.ApplicationFilterChain.internalDoFilter(ApplicationFilterChain.java:195)
	at org.apache.catalina.core.ApplicationFilterChain.doFilter(ApplicationFilterChain.java:140)
	at org.apache.tomcat.websocket.server.WsFilter.doFilter(WsFilter.java:51)
	at org.apache.catalina.core.ApplicationFilterChain.internalDoFilter(ApplicationFilterChain.java:164)
	at org.apache.catalina.core.ApplicationFilterChain.doFilter(ApplicationFilterChain.java:140)
	at org.springframework.web.filter.RequestContextFilter.doFilterInternal(RequestContextFilter.java:100)
	at org.springframework.web.filter.OncePerRequestFilter.doFilter(OncePerRequestFilter.java:116)
	at org.apache.catalina.core.ApplicationFilterChain.internalDoFilter(ApplicationFilterChain.java:164)
	at org.apache.catalina.core.ApplicationFilterChain.doFilter(ApplicationFilterChain.java:140)
	at org.springframework.web.filter.FormContentFilter.doFilterInternal(FormContentFilter.java:93)
	at org.springframework.web.filter.OncePerRequestFilter.doFilter(OncePerRequestFilter.java:116)
	at org.apache.catalina.core.ApplicationFilterChain.internalDoFilter(ApplicationFilterChain.java:164)
	at org.apache.catalina.core.ApplicationFilterChain.doFilter(ApplicationFilterChain.java:140)
	at org.springframework.web.filter.CharacterEncodingFilter.doFilterInternal(CharacterEncodingFilter.java:201)
	at org.springframework.web.filter.OncePerRequestFilter.doFilter(OncePerRequestFilter.java:116)
	at org.apache.catalina.core.ApplicationFilterChain.internalDoFilter(ApplicationFilterChain.java:164)
	at org.apache.catalina.core.ApplicationFilterChain.doFilter(ApplicationFilterChain.java:140)
	at org.apache.catalina.core.StandardWrapperValve.invoke(StandardWrapperValve.java:167)
	at org.apache.catalina.core.StandardContextValve.invoke(StandardContextValve.java:90)
	at org.apache.catalina.authenticator.AuthenticatorBase.invoke(AuthenticatorBase.java:483)
	at org.apache.catalina.core.StandardHostValve.invoke(StandardHostValve.java:116)
	at org.apache.catalina.valves.ErrorReportValve.invoke(ErrorReportValve.java:93)
	at org.apache.catalina.core.StandardEngineValve.invoke(StandardEngineValve.java:74)
	at org.apache.catalina.connector.CoyoteAdapter.service(CoyoteAdapter.java:344)
	at org.apache.coyote.http11.Http11Processor.service(Http11Processor.java:398)
	at org.apache.coyote.AbstractProcessorLight.process(AbstractProcessorLight.java:63)
	at org.apache.coyote.AbstractProtocol$ConnectionHandler.process(AbstractProtocol.java:903)
	at org.apache.tomcat.util.net.NioEndpoint$SocketProcessor.doRun(NioEndpoint.java:1769)
	at org.apache.tomcat.util.net.SocketProcessorBase.run(SocketProcessorBase.java:52)
	at org.apache.tomcat.util.threads.ThreadPoolExecutor.runWorker(ThreadPoolExecutor.java:1189)
	at org.apache.tomcat.util.threads.ThreadPoolExecutor$Worker.run(ThreadPoolExecutor.java:658)
	at org.apache.tomcat.util.threads.TaskThread$WrappingRunnable.run(TaskThread.java:63)
	at java.base/java.lang.Thread.run(Thread.java:1583)
2025-09-02 00:04:22.000 [http-nio-8080-exec-6] INFO  o.e.p.controller.WatermarkController - Applying text watermark to 1 files
2025-09-02 00:04:22.001 [http-nio-8080-exec-6] WARN  o.e.p.service.TextWatermarkService - Invalid color format '#000000,#000000', using black
2025-09-02 00:04:22.056 [http-nio-8080-exec-6] INFO  o.e.p.service.TextWatermarkService - Applying text watermark 'WATERMARK TEST' to 1 pages
2025-09-02 00:04:23.266 [http-nio-8080-exec-6] WARN  o.a.p.p.font.FileSystemFontProvider - 4 new fonts found, font cache will be re-built
2025-09-02 00:04:23.266 [http-nio-8080-exec-6] WARN  o.a.p.p.font.FileSystemFontProvider - Building on-disk font cache, this may take a while
2025-09-02 00:04:23.452 [http-nio-8080-exec-6] WARN  o.a.p.p.font.FileSystemFontProvider - Could not load font file '/System/Library/Fonts/Supplemental/NISC18030.ttf': 'head' table is mandatory
2025-09-02 00:04:23.667 [http-nio-8080-exec-6] WARN  o.a.p.p.font.FileSystemFontProvider - Finished building on-disk font cache, found 813 fonts
2025-09-02 00:04:23.678 [http-nio-8080-exec-6] WARN  o.e.p.service.TextWatermarkService - Invalid color format '#000000,#000000', using black
2025-09-02 00:04:23.686 [http-nio-8080-exec-6] WARN  o.apache.pdfbox.pdfparser.COSParser - The end of the stream doesn't point to the correct offset, using workaround to read the stream, stream start position: 347, length: 44, expected end position: 391
2025-09-02 00:04:23.694 [http-nio-8080-exec-6] INFO  o.e.p.service.TextWatermarkService - Successfully applied text watermark to 1 pages
2025-09-02 00:06:27.305 [SpringApplicationShutdownHook] INFO  o.e.p.service.SecureTempFileHandler - Performing secure cleanup of all temporary files
2025-09-02 00:06:27.307 [SpringApplicationShutdownHook] INFO  o.e.p.service.SecureTempFileHandler - Secure cleanup completed. Cleaned 0 files
2025-09-02 00:06:27.309 [SpringApplicationShutdownHook] INFO  o.e.p.service.TempFileManagerService - Performing emergency cleanup of all temporary files
2025-09-02 00:06:27.313 [SpringApplicationShutdownHook] INFO  o.e.p.service.TempFileManagerService - Emergency cleanup completed. Removed 2 temporary files
2025-09-02 00:06:42.204 [main] INFO  o.example.pdfwrangler.ApplicationKt - Starting ApplicationKt using Java 21.0.3 with PID 81389 (/Users/anton/IdeaProjects/pdf-wrangler/build/classes/kotlin/main started by anton in /Users/anton/IdeaProjects/pdf-wrangler)
2025-09-02 00:06:42.206 [main] INFO  o.example.pdfwrangler.ApplicationKt - The following 1 profile is active: "development"
2025-09-02 00:06:43.679 [main] INFO  o.a.catalina.core.StandardService - Starting service [Tomcat]
2025-09-02 00:06:43.680 [main] INFO  o.a.catalina.core.StandardEngine - Starting Servlet engine: [Apache Tomcat/10.1.44]
2025-09-02 00:06:43.719 [main] INFO  o.a.c.c.C.[Tomcat].[localhost].[/] - Initializing Spring embedded WebApplicationContext
2025-09-02 00:06:44.001 [main] INFO  SECURITY_AUDIT - Security audit logging system initialized
2025-09-02 00:06:44.012 [main] INFO  SECURITY_AUDIT - [SECURITY_AUDIT] {"eventId":"6f88cd2c-e8f9-4808-994e-577ad6952f6a","timestamp":"2025-09-01T21:06:44.003022Z","eventType":"SYSTEM_SECURITY_EVENT","severity":"INFO","message":"Security audit logging system started","details":{"component":"SecurityAuditLogger","status":"initialized"}}
2025-09-02 00:06:44.022 [main] INFO  o.e.p.service.TempFileManagerService - Temporary directory initialized: /var/folders/c_/5_n98lpd65j__pbwgzctxx_80000gn/T/pdf-wrangler-temp
2025-09-02 00:06:44.237 [main] INFO  o.e.p.s.StampLibraryManagementService - Initializing default stamps
2025-09-02 00:06:44.237 [main] INFO  o.e.p.s.StampLibraryManagementService - Creating stamp: APPROVED
2025-09-02 00:06:44.580 [main] INFO  o.e.p.s.StampLibraryManagementService - Created stamp: APPROVED with ID: stamp_1756760804238_9547
2025-09-02 00:06:44.581 [main] INFO  o.e.p.s.StampLibraryManagementService - Creating stamp: DRAFT
2025-09-02 00:06:44.586 [main] INFO  o.e.p.s.StampLibraryManagementService - Created stamp: DRAFT with ID: stamp_1756760804581_9915
2025-09-02 00:06:44.586 [main] INFO  o.e.p.s.StampLibraryManagementService - Creating stamp: CONFIDENTIAL
2025-09-02 00:06:44.589 [main] INFO  o.e.p.s.StampLibraryManagementService - Created stamp: CONFIDENTIAL with ID: stamp_1756760804586_1950
2025-09-02 00:06:44.589 [main] INFO  o.e.p.s.StampLibraryManagementService - Creating stamp: URGENT
2025-09-02 00:06:44.590 [main] INFO  o.e.p.s.StampLibraryManagementService - Created stamp: URGENT with ID: stamp_1756760804589_9549
2025-09-02 00:06:44.591 [main] INFO  o.e.p.s.StampLibraryManagementService - Creating stamp: REVIEWED
2025-09-02 00:06:44.594 [main] INFO  o.e.p.s.StampLibraryManagementService - Created stamp: REVIEWED with ID: stamp_1756760804591_7301
2025-09-02 00:06:44.594 [main] INFO  o.e.p.s.StampLibraryManagementService - Creating stamp: FINAL
2025-09-02 00:06:44.597 [main] INFO  o.e.p.s.StampLibraryManagementService - Created stamp: FINAL with ID: stamp_1756760804594_2840
2025-09-02 00:06:44.599 [main] INFO  o.e.p.s.StampLibraryManagementService - Creating stamp: VOID
2025-09-02 00:06:44.602 [main] INFO  o.e.p.s.StampLibraryManagementService - Created stamp: VOID with ID: stamp_1756760804599_7727
2025-09-02 00:06:44.602 [main] INFO  o.e.p.s.StampLibraryManagementService - Creating stamp: COPY
2025-09-02 00:06:44.603 [main] INFO  o.e.p.s.StampLibraryManagementService - Created stamp: COPY with ID: stamp_1756760804602_8555
2025-09-02 00:06:44.603 [main] INFO  o.e.p.s.StampLibraryManagementService - Initialized 8 default stamps
2025-09-02 00:06:44.690 [main] INFO  o.e.p.service.SecureTempFileHandler - Secure temporary file handler initialized: /var/folders/c_/5_n98lpd65j__pbwgzctxx_80000gn/T/pdf-wrangler-secure
2025-09-02 00:06:44.691 [main] INFO  o.e.p.s.UploadRateLimitingService - Upload rate limiting service initialized with limits: requests/min=60, requests/hour=1000, daily operations=10000
2025-09-02 00:06:45.065 [main] INFO  o.example.pdfwrangler.ApplicationKt - Started ApplicationKt in 3.442 seconds (process running for 3.851)
2025-09-02 00:07:44.211 [http-nio-8080-exec-1] INFO  o.a.c.c.C.[Tomcat].[localhost].[/] - Initializing Spring DispatcherServlet 'dispatcherServlet'
2025-09-02 00:08:03.502 [http-nio-8080-exec-4] INFO  o.e.p.controller.WatermarkController - Applying text watermark to 1 files
2025-09-02 00:08:03.506 [http-nio-8080-exec-4] WARN  o.e.p.service.TextWatermarkService - Invalid color format '#e40707,#e40707', using black
2025-09-02 00:08:03.558 [http-nio-8080-exec-4] INFO  o.e.p.service.TextWatermarkService - Applying text watermark 'test' to 2 pages
2025-09-02 00:08:03.697 [http-nio-8080-exec-4] WARN  o.e.p.service.TextWatermarkService - Invalid color format '#e40707,#e40707', using black
2025-09-02 00:08:03.710 [http-nio-8080-exec-4] WARN  o.e.p.service.TextWatermarkService - Invalid color format '#e40707,#e40707', using black
2025-09-02 00:08:03.711 [http-nio-8080-exec-4] INFO  o.e.p.service.TextWatermarkService - Successfully applied text watermark to 2 pages
2025-09-02 00:08:03.727 [http-nio-8080-exec-4] INFO  o.e.p.controller.WatermarkController - Returning watermarked PDF file: jetbrains_junie_description_watermarked.pdf (17398 bytes)
